<?xml version="1.0" encoding="UTF-8"?>
<testsuite name="com.example.firstproject.service.ArticleServiceTest" tests="5" skipped="0" failures="0" errors="0" timestamp="2025-03-22T14:31:47" hostname="924415" time="0.874">
  <properties/>
  <testcase name="show_failure_not_exist_id_input()" classname="com.example.firstproject.service.ArticleServiceTest" time="0.671"/>
  <testcase name="show_success_exist_id_input()" classname="com.example.firstproject.service.ArticleServiceTest" time="0.025"/>
  <testcase name="index()" classname="com.example.firstproject.service.ArticleServiceTest" time="0.12"/>
  <testcase name="create_failure_with_id_contained_dto_input()" classname="com.example.firstproject.service.ArticleServiceTest" time="0.007"/>
  <testcase name="create_success_with_title_and_content_dto_input()" classname="com.example.firstproject.service.ArticleServiceTest" time="0.043"/>
  <system-out><![CDATA[23:31:42.321 [Test worker] INFO org.springframework.test.context.support.AnnotationConfigContextLoaderUtils -- Could not detect default configuration classes for test class [com.example.firstproject.service.ArticleServiceTest]: ArticleServiceTest does not declare any static, non-private, non-final, nested classes annotated with @Configuration.
23:31:42.446 [Test worker] INFO org.springframework.boot.test.context.SpringBootTestContextBootstrapper -- Found @SpringBootConfiguration com.example.firstproject.FirstprojectApplication for test class com.example.firstproject.service.ArticleServiceTest

  .   ____          _            __ _ _
 /\\ / ___'_ __ _ _(_)_ __  __ _ \ \ \ \
( ( )\___ | '_ | '_| | '_ \/ _` | \ \ \ \
 \\/  ___)| |_)| | | | | || (_| |  ) ) ) )
  '  |____| .__|_| |_|_| |_\__, | / / / /
 =========|_|==============|___/=/_/_/_/
 :: Spring Boot ::                (v3.1.0)

2025-03-22T23:31:42.938+09:00  INFO 7720 --- [    Test worker] c.e.f.service.ArticleServiceTest         : Starting ArticleServiceTest using Java 17.0.14 with PID 7720 (started by CKIRUser in C:\Users\CKIRUser\Downloads\Web_backend_study-main\Web_backend_study-main\firstproject)
2025-03-22T23:31:42.938+09:00  INFO 7720 --- [    Test worker] c.e.f.service.ArticleServiceTest         : No active profile set, falling back to 1 default profile: "default"
2025-03-22T23:31:43.736+09:00  INFO 7720 --- [    Test worker] .s.d.r.c.RepositoryConfigurationDelegate : Bootstrapping Spring Data JPA repositories in DEFAULT mode.
2025-03-22T23:31:43.798+09:00  INFO 7720 --- [    Test worker] .s.d.r.c.RepositoryConfigurationDelegate : Finished Spring Data repository scanning in 59 ms. Found 3 JPA repository interfaces.
2025-03-22T23:31:44.251+09:00  INFO 7720 --- [    Test worker] com.zaxxer.hikari.HikariDataSource       : HikariPool-1 - Starting...
2025-03-22T23:31:44.485+09:00  INFO 7720 --- [    Test worker] com.zaxxer.hikari.pool.HikariPool        : HikariPool-1 - Added connection conn0: url=jdbc:h2:mem:testdb user=SA
2025-03-22T23:31:44.485+09:00  INFO 7720 --- [    Test worker] com.zaxxer.hikari.HikariDataSource       : HikariPool-1 - Start completed.
2025-03-22T23:31:44.532+09:00  INFO 7720 --- [    Test worker] o.hibernate.jpa.internal.util.LogHelper  : HHH000204: Processing PersistenceUnitInfo [name: default]
2025-03-22T23:31:44.626+09:00  INFO 7720 --- [    Test worker] org.hibernate.Version                    : HHH000412: Hibernate ORM core version 6.2.2.Final
2025-03-22T23:31:44.626+09:00  INFO 7720 --- [    Test worker] org.hibernate.cfg.Environment            : HHH000406: Using bytecode reflection optimizer
2025-03-22T23:31:44.831+09:00  INFO 7720 --- [    Test worker] o.h.b.i.BytecodeProviderInitiator        : HHH000021: Bytecode provider name : bytebuddy
2025-03-22T23:31:45.003+09:00  INFO 7720 --- [    Test worker] o.s.o.j.p.SpringPersistenceUnitInfo      : No LoadTimeWeaver setup: ignoring JPA class transformer
2025-03-22T23:31:45.074+09:00  INFO 7720 --- [    Test worker] org.hibernate.orm.dialect                : HHH035001: Using dialect: org.hibernate.dialect.H2Dialect, version: 2.1.214
2025-03-22T23:31:45.292+09:00  INFO 7720 --- [    Test worker] o.h.b.i.BytecodeProviderInitiator        : HHH000021: Bytecode provider name : bytebuddy
2025-03-22T23:31:45.964+09:00  INFO 7720 --- [    Test worker] o.h.e.t.j.p.i.JtaPlatformInitiator       : HHH000490: Using JtaPlatform implementation: [org.hibernate.engine.transaction.jta.platform.internal.NoJtaPlatform]
2025-03-22T23:31:45.995+09:00 DEBUG 7720 --- [    Test worker] org.hibernate.SQL                        : 
    drop table if exists article cascade 
2025-03-22T23:31:45.995+09:00 DEBUG 7720 --- [    Test worker] org.hibernate.SQL                        : 
    drop table if exists coffee cascade 
2025-03-22T23:31:45.995+09:00 DEBUG 7720 --- [    Test worker] org.hibernate.SQL                        : 
    drop table if exists member cascade 
2025-03-22T23:31:46.009+09:00 DEBUG 7720 --- [    Test worker] org.hibernate.SQL                        : 
    create table article (
        id bigint generated by default as identity,
        content varchar(255),
        title varchar(255),
        primary key (id)
    )
2025-03-22T23:31:46.009+09:00 DEBUG 7720 --- [    Test worker] org.hibernate.SQL                        : 
    create table coffee (
        id bigint generated by default as identity,
        name varchar(255),
        price varchar(255),
        primary key (id)
    )
2025-03-22T23:31:46.026+09:00 DEBUG 7720 --- [    Test worker] org.hibernate.SQL                        : 
    create table member (
        id bigint generated by default as identity,
        email varchar(255),
        password varchar(255),
        primary key (id)
    )
2025-03-22T23:31:46.031+09:00  INFO 7720 --- [    Test worker] o.h.t.s.i.e.GenerationTargetToDatabase   : HHH000476: Executing script '[injected ScriptSourceInputNonExistentImpl script]'
2025-03-22T23:31:46.031+09:00  INFO 7720 --- [    Test worker] j.LocalContainerEntityManagerFactoryBean : Initialized JPA EntityManagerFactory for persistence unit 'default'
2025-03-22T23:31:46.551+09:00  WARN 7720 --- [    Test worker] JpaBaseConfiguration$JpaWebConfiguration : spring.jpa.open-in-view is enabled by default. Therefore, database queries may be performed during view rendering. Explicitly configure spring.jpa.open-in-view to disable this warning
2025-03-22T23:31:46.927+09:00  INFO 7720 --- [    Test worker] o.s.b.a.h2.H2ConsoleAutoConfiguration    : H2 console available at '/h2-console'. Database available at 'jdbc:h2:mem:testdb'
2025-03-22T23:31:47.016+09:00  INFO 7720 --- [    Test worker] c.e.f.service.ArticleServiceTest         : Started ArticleServiceTest in 4.372 seconds (process running for 5.68)
2025-03-22T23:31:47.655+09:00 DEBUG 7720 --- [    Test worker] org.hibernate.SQL                        : 
    select
        a1_0.id,
        a1_0.content,
        a1_0.title 
    from
        article a1_0 
    where
        a1_0.id=?
2025-03-22T23:31:47.715+09:00 DEBUG 7720 --- [    Test worker] org.hibernate.SQL                        : 
    select
        a1_0.id,
        a1_0.content,
        a1_0.title 
    from
        article a1_0 
    where
        a1_0.id=?
2025-03-22T23:31:47.847+09:00 DEBUG 7720 --- [    Test worker] org.hibernate.SQL                        : 
    select
        a1_0.id,
        a1_0.content,
        a1_0.title 
    from
        article a1_0
2025-03-22T23:31:47.877+09:00 DEBUG 7720 --- [    Test worker] org.hibernate.SQL                        : 
    insert 
    into
        article
        (content,title,id) 
    values
        (?,?,default)
]]></system-out>
  <system-err><![CDATA[]]></system-err>
</testsuite>
